  Game.cpp
C:\Wszio\Studia\Praca inżynierska\Projekt - VS\GraPrzygodowa\Gra przygodowa\Source\Game.cpp(44,35): warning C4244: "argument": konwersja z "int" do "float", możliwa utrata danych
C:\Wszio\Studia\Praca inżynierska\Projekt - VS\GraPrzygodowa\Gra przygodowa\Source\Game.cpp(180,78): warning C4244: "argument": konwersja z "int" do "T", możliwa utrata danych
          with
          [
              T=float
          ]
C:\Wszio\Studia\Praca inżynierska\Projekt - VS\GraPrzygodowa\Gra przygodowa\Source\Game.cpp(186,78): warning C4244: "argument": konwersja z "int" do "T", możliwa utrata danych
          with
          [
              T=float
          ]
C:\Wszio\Studia\Praca inżynierska\Projekt - VS\GraPrzygodowa\Gra przygodowa\Source\Game.cpp(192,78): warning C4244: "argument": konwersja z "int" do "T", możliwa utrata danych
          with
          [
              T=float
          ]
C:\Wszio\Studia\Praca inżynierska\Projekt - VS\GraPrzygodowa\Gra przygodowa\Source\Game.cpp(198,78): warning C4244: "argument": konwersja z "int" do "T", możliwa utrata danych
          with
          [
              T=float
          ]
C:\Wszio\Studia\Praca inżynierska\Projekt - VS\GraPrzygodowa\Gra przygodowa\Source\Game.cpp(204,78): warning C4244: "argument": konwersja z "int" do "T", możliwa utrata danych
          with
          [
              T=float
          ]
C:\Wszio\Studia\Praca inżynierska\Projekt - VS\GraPrzygodowa\Gra przygodowa\Source\Game.cpp(210,78): warning C4244: "argument": konwersja z "int" do "T", możliwa utrata danych
          with
          [
              T=float
          ]
C:\Wszio\Studia\Praca inżynierska\Projekt - VS\GraPrzygodowa\Gra przygodowa\Source\Game.cpp(305,27): warning C4018: "<": niezgodność typu ze znakiem/bez znaku
  Gra przygodowa.vcxproj -> C:\Wszio\Studia\Praca inżynierska\Projekt - VS\GraPrzygodowa\Gra przygodowa\Debug\Gra przygodowa.exe
