c:\wszio\studia\praca inżynierska\projekt - vs\graprzygodowa\gra przygodowa\debug\vc142.pdb
c:\wszio\studia\praca inżynierska\projekt - vs\graprzygodowa\gra przygodowa\debug\vc142.idb
c:\wszio\studia\praca inżynierska\projekt - vs\graprzygodowa\gra przygodowa\debug\missile.obj
c:\wszio\studia\praca inżynierska\projekt - vs\graprzygodowa\gra przygodowa\debug\loading_screen.obj
c:\wszio\studia\praca inżynierska\projekt - vs\graprzygodowa\gra przygodowa\debug\items.obj
c:\wszio\studia\praca inżynierska\projekt - vs\graprzygodowa\gra przygodowa\debug\item.obj
c:\wszio\studia\praca inżynierska\projekt - vs\graprzygodowa\gra przygodowa\debug\inventory.obj
c:\wszio\studia\praca inżynierska\projekt - vs\graprzygodowa\gra przygodowa\debug\game.obj
c:\wszio\studia\praca inżynierska\projekt - vs\graprzygodowa\gra przygodowa\debug\enemy.obj
c:\wszio\studia\praca inżynierska\projekt - vs\graprzygodowa\gra przygodowa\debug\enemies.obj
c:\wszio\studia\praca inżynierska\projekt - vs\graprzygodowa\gra przygodowa\debug\door.obj
c:\wszio\studia\praca inżynierska\projekt - vs\graprzygodowa\gra przygodowa\debug\done_quests.obj
c:\wszio\studia\praca inżynierska\projekt - vs\graprzygodowa\gra przygodowa\debug\c_objects.obj
c:\wszio\studia\praca inżynierska\projekt - vs\graprzygodowa\gra przygodowa\debug\chest.obj
c:\wszio\studia\praca inżynierska\projekt - vs\graprzygodowa\gra przygodowa\debug\characters.obj
c:\wszio\studia\praca inżynierska\projekt - vs\graprzygodowa\gra przygodowa\debug\character.obj
c:\wszio\studia\praca inżynierska\projekt - vs\graprzygodowa\gra przygodowa\debug\background.obj
c:\wszio\studia\praca inżynierska\projekt - vs\graprzygodowa\gra przygodowa\debug\animations.obj
c:\wszio\studia\praca inżynierska\projekt - vs\graprzygodowa\gra przygodowa\debug\animation.obj
c:\wszio\studia\praca inżynierska\projekt - vs\graprzygodowa\gra przygodowa\debug\adventure_creator.obj
c:\wszio\studia\praca inżynierska\projekt - vs\graprzygodowa\gra przygodowa\debug\main.obj
c:\wszio\studia\praca inżynierska\projekt - vs\graprzygodowa\gra przygodowa\debug\map.obj
c:\wszio\studia\praca inżynierska\projekt - vs\graprzygodowa\gra przygodowa\debug\wall.obj
c:\wszio\studia\praca inżynierska\projekt - vs\graprzygodowa\gra przygodowa\debug\taken_quests.obj
c:\wszio\studia\praca inżynierska\projekt - vs\graprzygodowa\gra przygodowa\debug\screens.obj
c:\wszio\studia\praca inżynierska\projekt - vs\graprzygodowa\gra przygodowa\debug\screen.obj
c:\wszio\studia\praca inżynierska\projekt - vs\graprzygodowa\gra przygodowa\debug\quests.obj
c:\wszio\studia\praca inżynierska\projekt - vs\graprzygodowa\gra przygodowa\debug\quest.obj
c:\wszio\studia\praca inżynierska\projekt - vs\graprzygodowa\gra przygodowa\debug\player.obj
c:\wszio\studia\praca inżynierska\projekt - vs\graprzygodowa\gra przygodowa\debug\npcs.obj
c:\wszio\studia\praca inżynierska\projekt - vs\graprzygodowa\gra przygodowa\debug\npc.obj
c:\wszio\studia\praca inżynierska\projekt - vs\graprzygodowa\gra przygodowa\debug\not_taken_quests.obj
c:\wszio\studia\praca inżynierska\projekt - vs\graprzygodowa\gra przygodowa\debug\nc_object.obj
c:\wszio\studia\praca inżynierska\projekt - vs\graprzygodowa\gra przygodowa\debug\missiles.obj
c:\wszio\studia\praca inżynierska\projekt - vs\graprzygodowa\gra przygodowa\debug\gra przygodowa.exe
c:\wszio\studia\praca inżynierska\projekt - vs\graprzygodowa\gra przygodowa\debug\gra przygodowa.ilk
c:\wszio\studia\praca inżynierska\projekt - vs\graprzygodowa\gra przygodowa\debug\gra przygodowa.pdb
c:\wszio\studia\praca inżynierska\projekt - vs\graprzygodowa\gra przygodowa\debug\gra przygodowa.tlog\cl.command.1.tlog
c:\wszio\studia\praca inżynierska\projekt - vs\graprzygodowa\gra przygodowa\debug\gra przygodowa.tlog\cl.read.1.tlog
c:\wszio\studia\praca inżynierska\projekt - vs\graprzygodowa\gra przygodowa\debug\gra przygodowa.tlog\cl.write.1.tlog
c:\wszio\studia\praca inżynierska\projekt - vs\graprzygodowa\gra przygodowa\debug\gra przygodowa.tlog\link.command.1.tlog
c:\wszio\studia\praca inżynierska\projekt - vs\graprzygodowa\gra przygodowa\debug\gra przygodowa.tlog\link.read.1.tlog
c:\wszio\studia\praca inżynierska\projekt - vs\graprzygodowa\gra przygodowa\debug\gra przygodowa.tlog\link.write.1.tlog
